{"total": {"lines":{"total":1203,"covered":1023,"skipped":0,"pct":85.03},"statements":{"total":1356,"covered":1146,"skipped":0,"pct":84.51},"functions":{"total":306,"covered":257,"skipped":0,"pct":83.98},"branches":{"total":681,"covered":515,"skipped":0,"pct":75.62},"branchesTrue":{"total":0,"covered":0,"skipped":0,"pct":100}}
,"C:\\Users\\PC\\Desktop\\Projeler\\fadelytext\\app\\page.tsx": {"lines":{"total":1,"covered":1,"skipped":0,"pct":100},"functions":{"total":1,"covered":1,"skipped":0,"pct":100},"statements":{"total":1,"covered":1,"skipped":0,"pct":100},"branches":{"total":0,"covered":0,"skipped":0,"pct":100}}
,"C:\\Users\\PC\\Desktop\\Projeler\\fadelytext\\app\\robots.ts": {"lines":{"total":1,"covered":1,"skipped":0,"pct":100},"functions":{"total":1,"covered":1,"skipped":0,"pct":100},"statements":{"total":1,"covered":1,"skipped":0,"pct":100},"branches":{"total":0,"covered":0,"skipped":0,"pct":100}}
,"C:\\Users\\PC\\Desktop\\Projeler\\fadelytext\\app\\sitemap.ts": {"lines":{"total":1,"covered":1,"skipped":0,"pct":100},"functions":{"total":1,"covered":1,"skipped":0,"pct":100},"statements":{"total":1,"covered":1,"skipped":0,"pct":100},"branches":{"total":0,"covered":0,"skipped":0,"pct":100}}
,"C:\\Users\\PC\\Desktop\\Projeler\\fadelytext\\components\\AddressGenerator.tsx": {"lines":{"total":34,"covered":30,"skipped":0,"pct":88.23},"functions":{"total":3,"covered":3,"skipped":0,"pct":100},"statements":{"total":34,"covered":30,"skipped":0,"pct":88.23},"branches":{"total":12,"covered":9,"skipped":0,"pct":75}}
,"C:\\Users\\PC\\Desktop\\Projeler\\fadelytext\\components\\DatasetBuilder.tsx": {"lines":{"total":69,"covered":57,"skipped":0,"pct":82.6},"functions":{"total":26,"covered":20,"skipped":0,"pct":76.92},"statements":{"total":79,"covered":65,"skipped":0,"pct":82.27},"branches":{"total":30,"covered":16,"skipped":0,"pct":53.33}}
,"C:\\Users\\PC\\Desktop\\Projeler\\fadelytext\\components\\EmailGenerator.tsx": {"lines":{"total":33,"covered":31,"skipped":0,"pct":93.93},"functions":{"total":4,"covered":4,"skipped":0,"pct":100},"statements":{"total":38,"covered":36,"skipped":0,"pct":94.73},"branches":{"total":24,"covered":24,"skipped":0,"pct":100}}
,"C:\\Users\\PC\\Desktop\\Projeler\\fadelytext\\components\\FadelyTextUI.tsx": {"lines":{"total":138,"covered":109,"skipped":0,"pct":78.98},"functions":{"total":37,"covered":24,"skipped":0,"pct":64.86},"statements":{"total":148,"covered":116,"skipped":0,"pct":78.37},"branches":{"total":76,"covered":49,"skipped":0,"pct":64.47}}
,"C:\\Users\\PC\\Desktop\\Projeler\\fadelytext\\components\\MiscGenerator.tsx": {"lines":{"total":361,"covered":263,"skipped":0,"pct":72.85},"functions":{"total":62,"covered":43,"skipped":0,"pct":69.35},"statements":{"total":418,"covered":300,"skipped":0,"pct":71.77},"branches":{"total":250,"covered":163,"skipped":0,"pct":65.2}}
,"C:\\Users\\PC\\Desktop\\Projeler\\fadelytext\\components\\NameGenerator.tsx": {"lines":{"total":26,"covered":24,"skipped":0,"pct":92.3},"functions":{"total":4,"covered":4,"skipped":0,"pct":100},"statements":{"total":26,"covered":24,"skipped":0,"pct":92.3},"branches":{"total":10,"covered":10,"skipped":0,"pct":100}}
,"C:\\Users\\PC\\Desktop\\Projeler\\fadelytext\\components\\PasswordGenerator.tsx": {"lines":{"total":75,"covered":57,"skipped":0,"pct":76},"functions":{"total":14,"covered":11,"skipped":0,"pct":78.57},"statements":{"total":81,"covered":62,"skipped":0,"pct":76.54},"branches":{"total":29,"covered":20,"skipped":0,"pct":68.96}}
,"C:\\Users\\PC\\Desktop\\Projeler\\fadelytext\\components\\PhoneNumberGenerator.tsx": {"lines":{"total":23,"covered":19,"skipped":0,"pct":82.6},"functions":{"total":6,"covered":6,"skipped":0,"pct":100},"statements":{"total":23,"covered":19,"skipped":0,"pct":82.6},"branches":{"total":7,"covered":5,"skipped":0,"pct":71.42}}
,"C:\\Users\\PC\\Desktop\\Projeler\\fadelytext\\components\\TextTools.tsx": {"lines":{"total":83,"covered":73,"skipped":0,"pct":87.95},"functions":{"total":34,"covered":26,"skipped":0,"pct":76.47},"statements":{"total":86,"covered":76,"skipped":0,"pct":88.37},"branches":{"total":44,"covered":39,"skipped":0,"pct":88.63}}
,"C:\\Users\\PC\\Desktop\\Projeler\\fadelytext\\data\\password-data.ts": {"lines":{"total":3,"covered":3,"skipped":0,"pct":100},"functions":{"total":1,"covered":1,"skipped":0,"pct":100},"statements":{"total":3,"covered":3,"skipped":0,"pct":100},"branches":{"total":2,"covered":2,"skipped":0,"pct":100}}
,"C:\\Users\\PC\\Desktop\\Projeler\\fadelytext\\data\\phone-data.ts": {"lines":{"total":18,"covered":17,"skipped":0,"pct":94.44},"functions":{"total":6,"covered":6,"skipped":0,"pct":100},"statements":{"total":20,"covered":19,"skipped":0,"pct":95},"branches":{"total":15,"covered":10,"skipped":0,"pct":66.66}}
,"C:\\Users\\PC\\Desktop\\Projeler\\fadelytext\\data\\en\\address-data.ts": {"lines":{"total":1,"covered":1,"skipped":0,"pct":100},"functions":{"total":0,"covered":0,"skipped":0,"pct":100},"statements":{"total":1,"covered":1,"skipped":0,"pct":100},"branches":{"total":0,"covered":0,"skipped":0,"pct":100}}
,"C:\\Users\\PC\\Desktop\\Projeler\\fadelytext\\data\\en\\email-data.ts": {"lines":{"total":1,"covered":1,"skipped":0,"pct":100},"functions":{"total":0,"covered":0,"skipped":0,"pct":100},"statements":{"total":1,"covered":1,"skipped":0,"pct":100},"branches":{"total":0,"covered":0,"skipped":0,"pct":100}}
,"C:\\Users\\PC\\Desktop\\Projeler\\fadelytext\\data\\en\\name-data.ts": {"lines":{"total":1,"covered":1,"skipped":0,"pct":100},"functions":{"total":0,"covered":0,"skipped":0,"pct":100},"statements":{"total":1,"covered":1,"skipped":0,"pct":100},"branches":{"total":0,"covered":0,"skipped":0,"pct":100}}
,"C:\\Users\\PC\\Desktop\\Projeler\\fadelytext\\data\\en\\password-data.ts": {"lines":{"total":1,"covered":1,"skipped":0,"pct":100},"functions":{"total":0,"covered":0,"skipped":0,"pct":100},"statements":{"total":1,"covered":1,"skipped":0,"pct":100},"branches":{"total":0,"covered":0,"skipped":0,"pct":100}}
,"C:\\Users\\PC\\Desktop\\Projeler\\fadelytext\\data\\tr\\address-data.ts": {"lines":{"total":1,"covered":1,"skipped":0,"pct":100},"functions":{"total":0,"covered":0,"skipped":0,"pct":100},"statements":{"total":1,"covered":1,"skipped":0,"pct":100},"branches":{"total":0,"covered":0,"skipped":0,"pct":100}}
,"C:\\Users\\PC\\Desktop\\Projeler\\fadelytext\\data\\tr\\email-data.ts": {"lines":{"total":3,"covered":3,"skipped":0,"pct":100},"functions":{"total":1,"covered":1,"skipped":0,"pct":100},"statements":{"total":3,"covered":3,"skipped":0,"pct":100},"branches":{"total":0,"covered":0,"skipped":0,"pct":100}}
,"C:\\Users\\PC\\Desktop\\Projeler\\fadelytext\\data\\tr\\name-data.ts": {"lines":{"total":1,"covered":1,"skipped":0,"pct":100},"functions":{"total":0,"covered":0,"skipped":0,"pct":100},"statements":{"total":1,"covered":1,"skipped":0,"pct":100},"branches":{"total":0,"covered":0,"skipped":0,"pct":100}}
,"C:\\Users\\PC\\Desktop\\Projeler\\fadelytext\\data\\tr\\password-data.ts": {"lines":{"total":1,"covered":1,"skipped":0,"pct":100},"functions":{"total":0,"covered":0,"skipped":0,"pct":100},"statements":{"total":1,"covered":1,"skipped":0,"pct":100},"branches":{"total":0,"covered":0,"skipped":0,"pct":100}}
,"C:\\Users\\PC\\Desktop\\Projeler\\fadelytext\\hooks\\useTranslation.ts": {"lines":{"total":8,"covered":8,"skipped":0,"pct":100},"functions":{"total":4,"covered":4,"skipped":0,"pct":100},"statements":{"total":8,"covered":8,"skipped":0,"pct":100},"branches":{"total":5,"covered":3,"skipped":0,"pct":60}}
,"C:\\Users\\PC\\Desktop\\Projeler\\fadelytext\\lib\\clipboard.ts": {"lines":{"total":22,"covered":22,"skipped":0,"pct":100},"functions":{"total":2,"covered":2,"skipped":0,"pct":100},"statements":{"total":23,"covered":22,"skipped":0,"pct":95.65},"branches":{"total":6,"covered":5,"skipped":0,"pct":83.33}}
,"C:\\Users\\PC\\Desktop\\Projeler\\fadelytext\\lib\\export.ts": {"lines":{"total":21,"covered":21,"skipped":0,"pct":100},"functions":{"total":8,"covered":8,"skipped":0,"pct":100},"statements":{"total":24,"covered":24,"skipped":0,"pct":100},"branches":{"total":10,"covered":10,"skipped":0,"pct":100}}
,"C:\\Users\\PC\\Desktop\\Projeler\\fadelytext\\lib\\fake-extra.ts": {"lines":{"total":79,"covered":79,"skipped":0,"pct":100},"functions":{"total":31,"covered":31,"skipped":0,"pct":100},"statements":{"total":95,"covered":94,"skipped":0,"pct":98.94},"branches":{"total":33,"covered":28,"skipped":0,"pct":84.84}}
,"C:\\Users\\PC\\Desktop\\Projeler\\fadelytext\\lib\\lorem.ts": {"lines":{"total":29,"covered":29,"skipped":0,"pct":100},"functions":{"total":9,"covered":9,"skipped":0,"pct":100},"statements":{"total":34,"covered":33,"skipped":0,"pct":97.05},"branches":{"total":21,"covered":19,"skipped":0,"pct":90.47}}
,"C:\\Users\\PC\\Desktop\\Projeler\\fadelytext\\lib\\numeric-input.ts": {"lines":{"total":3,"covered":3,"skipped":0,"pct":100},"functions":{"total":1,"covered":1,"skipped":0,"pct":100},"statements":{"total":4,"covered":4,"skipped":0,"pct":100},"branches":{"total":4,"covered":4,"skipped":0,"pct":100}}
,"C:\\Users\\PC\\Desktop\\Projeler\\fadelytext\\lib\\random.ts": {"lines":{"total":31,"covered":31,"skipped":0,"pct":100},"functions":{"total":5,"covered":5,"skipped":0,"pct":100},"statements":{"total":35,"covered":35,"skipped":0,"pct":100},"branches":{"total":18,"covered":17,"skipped":0,"pct":94.44}}
,"C:\\Users\\PC\\Desktop\\Projeler\\fadelytext\\lib\\site.ts": {"lines":{"total":1,"covered":1,"skipped":0,"pct":100},"functions":{"total":0,"covered":0,"skipped":0,"pct":100},"statements":{"total":1,"covered":1,"skipped":0,"pct":100},"branches":{"total":2,"covered":2,"skipped":0,"pct":100}}
,"C:\\Users\\PC\\Desktop\\Projeler\\fadelytext\\lib\\text-stats.ts": {"lines":{"total":18,"covered":18,"skipped":0,"pct":100},"functions":{"total":5,"covered":5,"skipped":0,"pct":100},"statements":{"total":21,"covered":21,"skipped":0,"pct":100},"branches":{"total":10,"covered":10,"skipped":0,"pct":100}}
,"C:\\Users\\PC\\Desktop\\Projeler\\fadelytext\\lib\\text-tools.ts": {"lines":{"total":82,"covered":82,"skipped":0,"pct":100},"functions":{"total":26,"covered":26,"skipped":0,"pct":100},"statements":{"total":103,"covered":103,"skipped":0,"pct":100},"branches":{"total":65,"covered":63,"skipped":0,"pct":96.92}}
,"C:\\Users\\PC\\Desktop\\Projeler\\fadelytext\\lib\\tr-fake.ts": {"lines":{"total":32,"covered":32,"skipped":0,"pct":100},"functions":{"total":13,"covered":13,"skipped":0,"pct":100},"statements":{"total":38,"covered":37,"skipped":0,"pct":97.36},"branches":{"total":8,"covered":7,"skipped":0,"pct":87.5}}
,"C:\\Users\\PC\\Desktop\\Projeler\\fadelytext\\lib\\utils.ts": {"lines":{"total":1,"covered":1,"skipped":0,"pct":100},"functions":{"total":1,"covered":1,"skipped":0,"pct":100},"statements":{"total":1,"covered":1,"skipped":0,"pct":100},"branches":{"total":0,"covered":0,"skipped":0,"pct":100}}
}
